fail at:/test/data/functional/49_if_complex_expr.sy
fail at:/test/data/functional/51_short_circuit3.sy
fail at:/test/data/functional/54_hidden_var.sy
fail at:/test/data/functional/55_sort_test1.sy
fail at:/test/data/functional/56_sort_test2.sy
fail at:/test/data/functional/57_sort_test3.sy
fail at:/test/data/functional/58_sort_test4.sy
fail at:/test/data/functional/59_sort_test5.sy
fail at:/test/data/functional/60_sort_test6.sy
fail at:/test/data/functional/61_sort_test7.sy
fail at:/test/data/functional/62_percolation.sy
fail at:/test/data/functional/63_big_int_mul.sy
fail at:/test/data/functional/64_calculator.sy
fail at:/test/data/functional/65_color.sy
fail at:/test/data/functional/66_exgcd.sy
fail at:/test/data/functional/67_reverse_output.sy
fail at:/test/data/functional/68_brainfk.sy
fail at:/test/data/functional/69_expr_eval.sy
fail at:/test/data/functional/70_dijkstra.sy
fail at:/test/data/functional/71_full_conn.sy
fail at:/test/data/functional/72_hanoi.sy
fail at:/test/data/functional/73_int_io.sy
fail at:/test/data/functional/74_kmp.sy
fail at:/test/data/functional/75_max_flow.sy
fail at:/test/data/functional/76_n_queens.sy
fail at:/test/data/functional/77_substr.sy
fail at:/test/data/functional/78_side_effect.sy
fail at:/test/data/functional/79_var_name.sy
fail at:/test/data/functional/80_chaos_token.sy
fail at:/test/data/functional/81_skip_spaces.sy
fail at:/test/data/functional/82_long_func.sy
fail at:/test/data/functional/83_long_array.sy
fail at:/test/data/functional/84_long_array2.sy
fail at:/test/data/functional/85_long_code.sy
fail at:/test/data/functional/86_long_code2.sy
fail at:/test/data/functional/87_many_params.sy
fail at:/test/data/functional/88_many_params2.sy
fail at:/test/data/functional/89_many_globals.sy
fail at:/test/data/functional/90_many_locals.sy
fail at:/test/data/functional/91_many_locals2.sy
fail at:/test/data/functional/92_register_alloc.sy
fail at:/test/data/functional/93_nested_calls.sy
fail at:/test/data/functional/94_nested_loops.sy
fail at:/test/data/functional/95_float.sy
fail at:/test/data/functional/96_matrix_add.sy
fail at:/test/data/functional/97_matrix_sub.sy
fail at:/test/data/functional/98_matrix_mul.sy
fail at:/test/data/functional/99_matrix_tran.sy
